<?xml version="1.0" encoding="UTF-8"?>
<testng-results ignored="0" total="1" passed="1" failed="0" skipped="0">
  <reporter-output>
  </reporter-output>
  <suite started-at="2018-07-26T18:09:59Z" name="Default suite" finished-at="2018-07-26T18:10:15Z" duration-ms="15479">
    <groups>
    </groups>
    <test started-at="2018-07-26T18:09:59Z" name="Default test" finished-at="2018-07-26T18:10:15Z" duration-ms="15479">
      <class name="com.mailchimp.testcases.TestNGTestCases">
        <test-method is-config="true" signature="setUp()[pri:0, instance:com.mailchimp.testcases.TestNGTestCases@278bb07e]" started-at="2018-07-26T18:09:59Z" name="setUp" finished-at="2018-07-26T18:10:06Z" duration-ms="7024" status="PASS">
          <reporter-output>
          </reporter-output>
        </test-method> <!-- setUp -->
        <test-method signature="testMethod()[pri:0, instance:com.mailchimp.testcases.TestNGTestCases@278bb07e]" started-at="2018-07-26T18:10:06Z" name="testMethod" finished-at="2018-07-26T18:10:12Z" duration-ms="6282" status="PASS">
          <reporter-output>
          </reporter-output>
        </test-method> <!-- testMethod -->
        <test-method is-config="true" signature="closeBrowser()[pri:0, instance:com.mailchimp.testcases.TestNGTestCases@278bb07e]" started-at="2018-07-26T18:10:12Z" name="closeBrowser" finished-at="2018-07-26T18:10:15Z" duration-ms="2149" status="PASS">
          <reporter-output>
          </reporter-output>
        </test-method> <!-- closeBrowser -->
      </class> <!-- com.mailchimp.testcases.TestNGTestCases -->
    </test> <!-- Default test -->
  </suite> <!-- Default suite -->
</testng-results>
