<?xml version="1.0" encoding="UTF-8"?>
<testng-results ignored="0" total="1" passed="1" failed="0" skipped="0">
  <reporter-output>
  </reporter-output>
  <suite started-at="2018-07-27T17:30:19Z" name="Default suite" finished-at="2018-07-27T17:30:34Z" duration-ms="14890">
    <groups>
    </groups>
    <test started-at="2018-07-27T17:30:19Z" name="Default test" finished-at="2018-07-27T17:30:34Z" duration-ms="14890">
      <class name="com.mailchimp.testcases.TestNGTestCases">
        <test-method is-config="true" signature="setUp()[pri:0, instance:com.mailchimp.testcases.TestNGTestCases@75b25825]" started-at="2018-07-27T17:30:19Z" name="setUp" finished-at="2018-07-27T17:30:26Z" duration-ms="6576" status="PASS">
          <reporter-output>
          </reporter-output>
        </test-method> <!-- setUp -->
        <test-method signature="testMethod()[pri:0, instance:com.mailchimp.testcases.TestNGTestCases@75b25825]" started-at="2018-07-27T17:30:26Z" name="testMethod" finished-at="2018-07-27T17:30:32Z" duration-ms="6164" status="PASS">
          <reporter-output>
          </reporter-output>
        </test-method> <!-- testMethod -->
        <test-method is-config="true" signature="closeBrowser()[pri:0, instance:com.mailchimp.testcases.TestNGTestCases@75b25825]" started-at="2018-07-27T17:30:32Z" name="closeBrowser" finished-at="2018-07-27T17:30:34Z" duration-ms="2124" status="PASS">
          <reporter-output>
          </reporter-output>
        </test-method> <!-- closeBrowser -->
      </class> <!-- com.mailchimp.testcases.TestNGTestCases -->
    </test> <!-- Default test -->
  </suite> <!-- Default suite -->
</testng-results>
